app/build/outputs/logs/manifest-merger-debug-report.txt
-- Merging decision tree log ---
manifest
ADDED from src\main\AndroidManifest.xml:2:1-95:12
	package
		ADDED from src\main\AndroidManifest.xml:3:5-24
		INJECTED from src\main\AndroidManifest.xml
		INJECTED from src\main\AndroidManifest.xml
	android:versionName
		INJECTED from src\main\AndroidManifest.xml
		INJECTED from src\main\AndroidManifest.xml
	xmlns:android
		ADDED from src\main\AndroidManifest.xml:2:11-69
	android:versionCode
		INJECTED from src\main\AndroidManifest.xml
		INJECTED from src\main\AndroidManifest.xml
uses-permission#android.permission.INTERNET
ADDED from src\main\AndroidManifest.xml:5:5-67
	android:name
		ADDED from src\main\AndroidManifest.xml:5:22-64
uses-permission#android.permission.ACCESS_NETWORK_STATE
ADDED from src\main\AndroidManifest.xml:6:5-79
	android:name
		ADDED from src\main\AndroidManifest.xml:6:22-76
uses-permission#android.permission.ACCESS_WIFI_STATE
ADDED from src\main\AndroidManifest.xml:7:5-76
	android:name
		ADDED from src\main\AndroidManifest.xml:7:22-73
uses-permission#android.permission.GET_ACCOUNTS
ADDED from src\main\AndroidManifest.xml:8:5-71
	android:name
		ADDED from src\main\AndroidManifest.xml:8:22-68
uses-permission#android.permission.USE_CREDENTIALS
ADDED from src\main\AndroidManifest.xml:9:5-74
	android:name
		ADDED from src\main\AndroidManifest.xml:9:22-71
uses-permission#android.permission.MEDIA_CONTENT_CONTROL
ADDED from src\main\AndroidManifest.xml:10:5-80
	android:name
		ADDED from src\main\AndroidManifest.xml:10:22-77
uses-permission#android.permission.READ_EXTERNAL_STORAGE
ADDED from src\main\AndroidManifest.xml:11:5-80
	android:name
		ADDED from src\main\AndroidManifest.xml:11:22-77
uses-permission#android.permission.WRITE_EXTERNAL_STORAGE
ADDED from src\main\AndroidManifest.xml:12:5-81
	android:name
		ADDED from src\main\AndroidManifest.xml:12:22-78
service#com.amazonaws.mobileconnectors.s3.transferutility.TransferService
ADDED from src\main\AndroidManifest.xml:14:5-16:34
	android:enabled
		ADDED from src\main\AndroidManifest.xml:16:9-31
	android:name
		ADDED from src\main\AndroidManifest.xml:15:9-89
application
ADDED from src\main\AndroidManifest.xml:18:5-93:19
MERGED from [com.android.support.constraint:constraint-layout:1.0.2] AndroidManifest.xml:9:5-20
MERGED from [com.facebook.android:facebook-android-sdk:4.6.0] AndroidManifest.xml:28:5-20
MERGED from [com.google.android.gms:play-services-plus:10.2.1] AndroidManifest.xml:18:5-19
MERGED from [com.google.android.gms:play-services-auth:10.2.1] AndroidManifest.xml:19:5-25:19
MERGED from [com.google.android.gms:play-services-base:10.2.1] AndroidManifest.xml:18:5-20:19
MERGED from [com.google.android.gms:play-services-tasks:10.2.1] AndroidManifest.xml:4:5-19
MERGED from [com.google.android.gms:play-services-basement:10.2.1] AndroidManifest.xml:19:5-21:19
MERGED from [com.android.support:design:23.4.0] AndroidManifest.xml:22:5-20
MERGED from [com.android.support:appcompat-v7:23.4.0] AndroidManifest.xml:25:5-20
MERGED from [com.android.support:animated-vector-drawable:23.4.0] AndroidManifest.xml:7:5-20
MERGED from [com.android.support:support-vector-drawable:23.4.0] AndroidManifest.xml:7:5-20
MERGED from [com.android.support:support-v4:24.0.0] AndroidManifest.xml:25:5-20
	android:label
		ADDED from src\main\AndroidManifest.xml:22:9-41
	android:allowBackup
		ADDED from src\main\AndroidManifest.xml:20:9-35
	android:icon
		ADDED from src\main\AndroidManifest.xml:21:9-43
	android:theme
		ADDED from src\main\AndroidManifest.xml:23:9-40
	android:name
		ADDED from src\main\AndroidManifest.xml:19:9-36
activity#com.styln.SplashActivity
ADDED from src\main\AndroidManifest.xml:24:9-33:20
	android:label
		ADDED from src\main\AndroidManifest.xml:27:13-45
	android:configChanges
		ADDED from src\main\AndroidManifest.xml:26:13-83
	android:name
		ADDED from src\main\AndroidManifest.xml:25:13-43
intent-filter#android.intent.action.MAIN+android.intent.category.LAUNCHER
ADDED from src\main\AndroidManifest.xml:28:13-32:29
action#android.intent.action.MAIN
ADDED from src\main\AndroidManifest.xml:29:17-69
	android:name
		ADDED from src\main\AndroidManifest.xml:29:25-66
category#android.intent.category.LAUNCHER
ADDED from src\main\AndroidManifest.xml:31:17-77
	android:name
		ADDED from src\main\AndroidManifest.xml:31:27-74
activity#com.styln.SignInActivity
ADDED from src\main\AndroidManifest.xml:34:9-37:62
	android:label
		ADDED from src\main\AndroidManifest.xml:37:13-59
	android:configChanges
		ADDED from src\main\AndroidManifest.xml:36:13-83
	android:name
		ADDED from src\main\AndroidManifest.xml:35:13-43
activity#com.styln.MainActivity
ADDED from src\main\AndroidManifest.xml:38:9-41:51
	android:label
		ADDED from src\main\AndroidManifest.xml:40:13-56
	android:launchMode
		ADDED from src\main\AndroidManifest.xml:41:13-48
	android:name
		ADDED from src\main\AndroidManifest.xml:39:13-41
activity#com.facebook.FacebookActivity
ADDED from src\main\AndroidManifest.xml:45:9-49:75
	android:label
		ADDED from src\main\AndroidManifest.xml:48:13-45
	android:configChanges
		ADDED from src\main\AndroidManifest.xml:47:13-96
	android:theme
		ADDED from src\main\AndroidManifest.xml:49:13-72
	android:name
		ADDED from src\main\AndroidManifest.xml:46:13-57
meta-data#com.facebook.sdk.ApplicationId
ADDED from src\main\AndroidManifest.xml:51:9-53:55
	android:value
		ADDED from src\main\AndroidManifest.xml:53:13-52
	android:name
		ADDED from src\main\AndroidManifest.xml:52:13-58
meta-data#com.google.android.gms.version
ADDED from src\main\AndroidManifest.xml:57:9-59:69
MERGED from [com.google.android.gms:play-services-basement:10.2.1] AndroidManifest.xml:20:9-121
	android:value
		ADDED from src\main\AndroidManifest.xml:59:13-66
	android:name
		ADDED from src\main\AndroidManifest.xml:58:13-58
activity#com.styln.HomeActivity
ADDED from src\main\AndroidManifest.xml:61:9-64:47
	android:label
		ADDED from src\main\AndroidManifest.xml:63:13-56
	android:theme
		ADDED from src\main\AndroidManifest.xml:64:13-44
	android:name
		ADDED from src\main\AndroidManifest.xml:62:13-41
activity#com.styln.TrendActivity
ADDED from src\main\AndroidManifest.xml:65:9-68:47
	android:label
		ADDED from src\main\AndroidManifest.xml:67:13-42
	android:theme
		ADDED from src\main\AndroidManifest.xml:68:13-44
	android:name
		ADDED from src\main\AndroidManifest.xml:66:13-42
activity#com.styln.ProfileActivity
ADDED from src\main\AndroidManifest.xml:69:9-72:47
	android:label
		ADDED from src\main\AndroidManifest.xml:71:13-44
	android:theme
		ADDED from src\main\AndroidManifest.xml:72:13-44
	android:name
		ADDED from src\main\AndroidManifest.xml:70:13-44
activity#com.styln.SettingsActivity
ADDED from src\main\AndroidManifest.xml:73:9-76:47
	android:label
		ADDED from src\main\AndroidManifest.xml:75:13-45
	android:theme
		ADDED from src\main\AndroidManifest.xml:76:13-44
	android:name
		ADDED from src\main\AndroidManifest.xml:74:13-45
activity#com.styln.FollowActivity
ADDED from src\main\AndroidManifest.xml:77:9-80:47
	android:label
		ADDED from src\main\AndroidManifest.xml:79:13-45
	android:theme
		ADDED from src\main\AndroidManifest.xml:80:13-44
	android:name
		ADDED from src\main\AndroidManifest.xml:78:13-43
activity#com.styln.CollectionActivity
ADDED from src\main\AndroidManifest.xml:81:9-84:47
	android:label
		ADDED from src\main\AndroidManifest.xml:83:13-47
	android:theme
		ADDED from src\main\AndroidManifest.xml:84:13-44
	android:name
		ADDED from src\main\AndroidManifest.xml:82:13-47
activity#com.styln.BrowseActivity
ADDED from src\main\AndroidManifest.xml:85:9-52
	android:name
		ADDED from src\main\AndroidManifest.xml:85:19-49
activity#com.styln.ItemActivity
ADDED from src\main\AndroidManifest.xml:86:9-50
	android:name
		ADDED from src\main\AndroidManifest.xml:86:19-47
activity#com.styln.InformationActivity
ADDED from src\main\AndroidManifest.xml:87:9-57
	android:name
		ADDED from src\main\AndroidManifest.xml:87:19-54
activity#com.styln.SuggestActivity
ADDED from src\main\AndroidManifest.xml:88:9-53
	android:name
		ADDED from src\main\AndroidManifest.xml:88:19-50
activity#com.styln.OthersActivity
ADDED from src\main\AndroidManifest.xml:89:9-52
	android:name
		ADDED from src\main\AndroidManifest.xml:89:19-49
activity#com.styln.PostActivity
ADDED from src\main\AndroidManifest.xml:90:9-50
	android:name
		ADDED from src\main\AndroidManifest.xml:90:19-47
activity#com.styln.PostPageActivity
ADDED from src\main\AndroidManifest.xml:91:9-63
	android:name
		ADDED from src\main\AndroidManifest.xml:91:19-51
activity#com.styln.NotificationListActivity
ADDED from src\main\AndroidManifest.xml:92:9-71
	android:name
		ADDED from src\main\AndroidManifest.xml:92:19-59
uses-sdk
INJECTED from src\main\AndroidManifest.xml reason: use-sdk injection requested
MERGED from [com.android.support:multidex:1.0.1] AndroidManifest.xml:18:5-42
MERGED from [com.android.support.constraint:constraint-layout:1.0.2] AndroidManifest.xml:5:5-7:41
MERGED from [com.facebook.android:facebook-android-sdk:4.6.0] AndroidManifest.xml:24:5-26:41
MERGED from [com.google.android.gms:play-services-plus:10.2.1] AndroidManifest.xml:17:5-43
MERGED from [com.google.android.gms:play-services-auth:10.2.1] AndroidManifest.xml:17:5-43
MERGED from [com.google.android.gms:play-services-auth-base:10.2.1] AndroidManifest.xml:4:5-43
MERGED from [com.google.android.gms:play-services-base:10.2.1] AndroidManifest.xml:17:5-43
MERGED from [com.google.android.gms:play-services-tasks:10.2.1] AndroidManifest.xml:3:5-43
MERGED from [com.google.android.gms:play-services-basement:10.2.1] AndroidManifest.xml:17:5-43
MERGED from [com.android.support:design:23.4.0] AndroidManifest.xml:20:5-43
MERGED from [com.android.support:recyclerview-v7:23.4.0] AndroidManifest.xml:20:5-43
MERGED from [com.android.support:appcompat-v7:23.4.0] AndroidManifest.xml:21:5-23:78
MERGED from [com.android.support:animated-vector-drawable:23.4.0] AndroidManifest.xml:5:5-44
MERGED from [com.android.support:support-vector-drawable:23.4.0] AndroidManifest.xml:5:5-43
MERGED from [com.android.support:support-v4:24.0.0] AndroidManifest.xml:21:5-23:54
MERGED from [jp.wasabeef:glide-transformations:2.0.2] AndroidManifest.xml:8:5-10:41
MERGED from [jp.co.cyberagent.android.gpuimage:gpuimage-library:1.4.1] AndroidManifest.xml:8:5-10:41
	tools:overrideLibrary
		ADDED from [com.android.support:appcompat-v7:23.4.0] AndroidManifest.xml:23:9-75
	android:targetSdkVersion
		INJECTED from src\main\AndroidManifest.xml
		INJECTED from src\main\AndroidManifest.xml
	android:minSdkVersion
		INJECTED from src\main\AndroidManifest.xml
		INJECTED from src\main\AndroidManifest.xml
activity#com.google.android.gms.auth.api.signin.internal.SignInHubActivity
ADDED from [com.google.android.gms:play-services-auth:10.2.1] AndroidManifest.xml:20:9-189
	android:excludeFromRecents
		ADDED from [com.google.android.gms:play-services-auth:10.2.1] AndroidManifest.xml:20:129-162
	android:exported
		ADDED from [com.google.android.gms:play-services-auth:10.2.1] AndroidManifest.xml:20:163-187
	android:theme
		ADDED from [com.google.android.gms:play-services-auth:10.2.1] AndroidManifest.xml:20:69-128
	android:name
		ADDED from [com.google.android.gms:play-services-auth:10.2.1] AndroidManifest.xml:20:19-68
service#com.google.android.gms.auth.api.signin.RevocationBoundService
ADDED from [com.google.android.gms:play-services-auth:10.2.1] AndroidManifest.xml:24:9-184
	android:exported
		ADDED from [com.google.android.gms:play-services-auth:10.2.1] AndroidManifest.xml:24:64-87
	android:permission
		ADDED from [com.google.android.gms:play-services-auth:10.2.1] AndroidManifest.xml:24:88-182
	android:name
		ADDED from [com.google.android.gms:play-services-auth:10.2.1] AndroidManifest.xml:24:18-63
activity#com.google.android.gms.common.api.GoogleApiActivity
ADDED from [com.google.android.gms:play-services-base:10.2.1] AndroidManifest.xml:19:9-172
	android:exported
		ADDED from [com.google.android.gms:play-services-base:10.2.1] AndroidManifest.xml:19:146-170
	android:theme
		ADDED from [com.google.android.gms:play-services-base:10.2.1] AndroidManifest.xml:19:86-145
	android:name
		ADDED from [com.google.android.gms:play-services-base:10.2.1] AndroidManifest.xml:19:19-85